<?xml version="1.0" encoding="UTF-8"?>
<!-- Generated by org.testng.reporters.JUnitXMLReporter -->
<testsuite ignored="0" hostname="DESKTOP-6TCTHJ3" failures="0" tests="4" name="Default test" time="3.818" errors="0" timestamp="2024-07-22T09:20:10 EEST">
  <testcase classname="tests.BaseComponentExample" name="createNewUser" time="1.884"/>
  <testcase classname="tests.BaseComponentExample" name="readUser" time="0.479"/>
  <testcase classname="tests.BaseComponentExample" name="updateUser" time="0.615"/>
  <testcase classname="tests.BaseComponentExample" name="deleteUser" time="0.554"/>
</testsuite> <!-- Default test -->
