<?xml version="1.0" encoding="UTF-8"?>
<testng-results ignored="0" total="1" passed="1" failed="0" skipped="0">
  <reporter-output>
  </reporter-output>
  <suite started-at="2024-07-10T21:23:09 EEST" name="Default suite" finished-at="2024-07-10T21:23:12 EEST" duration-ms="2617">
    <groups>
    </groups>
    <test started-at="2024-07-10T21:23:09 EEST" name="Default test" finished-at="2024-07-10T21:23:12 EEST" duration-ms="2617">
      <class name="tests.RestExample">
        <test-method signature="restExampleTest()[pri:0, instance:tests.RestExample@3c407114]" started-at="2024-07-10T21:23:09 EEST" name="restExampleTest" finished-at="2024-07-10T21:23:12 EEST" duration-ms="2574" status="PASS">
          <reporter-output>
          </reporter-output>
        </test-method> <!-- restExampleTest -->
      </class> <!-- tests.RestExample -->
    </test> <!-- Default test -->
  </suite> <!-- Default suite -->
</testng-results>
