<?xml version="1.0" encoding="UTF-8"?>
<testng-results ignored="0" total="4" passed="4" failed="0" skipped="0">
  <reporter-output>
  </reporter-output>
  <suite started-at="2024-07-15T20:25:36 EEST" name="Default suite" finished-at="2024-07-15T20:25:40 EEST" duration-ms="3653">
    <groups>
    </groups>
    <test started-at="2024-07-15T20:25:36 EEST" name="Default test" finished-at="2024-07-15T20:25:40 EEST" duration-ms="3653">
      <class name="tests.CrudExamples">
        <test-method is-config="true" signature="setup()[pri:0, instance:tests.CrudExamples@15ff3e9e]" started-at="2024-07-15T20:25:36 EEST" name="setup" finished-at="2024-07-15T20:25:37 EEST" duration-ms="393" status="PASS">
          <reporter-output>
          </reporter-output>
        </test-method> <!-- setup -->
        <test-method signature="createToDo()[pri:1, instance:tests.CrudExamples@15ff3e9e]" started-at="2024-07-15T20:25:37 EEST" name="createToDo" finished-at="2024-07-15T20:25:39 EEST" duration-ms="2055" status="PASS">
          <reporter-output>
          </reporter-output>
        </test-method> <!-- createToDo -->
        <test-method signature="getToDo()[pri:2, instance:tests.CrudExamples@15ff3e9e]" started-at="2024-07-15T20:25:39 EEST" name="getToDo" finished-at="2024-07-15T20:25:39 EEST" duration-ms="381" status="PASS">
          <reporter-output>
          </reporter-output>
        </test-method> <!-- getToDo -->
        <test-method signature="UpdateToDo()[pri:3, instance:tests.CrudExamples@15ff3e9e]" started-at="2024-07-15T20:25:39 EEST" name="UpdateToDo" finished-at="2024-07-15T20:25:40 EEST" duration-ms="383" status="PASS">
          <reporter-output>
          </reporter-output>
        </test-method> <!-- UpdateToDo -->
        <test-method signature="DeleteToDo()[pri:4, instance:tests.CrudExamples@15ff3e9e]" started-at="2024-07-15T20:25:40 EEST" name="DeleteToDo" finished-at="2024-07-15T20:25:40 EEST" duration-ms="403" status="PASS">
          <reporter-output>
          </reporter-output>
        </test-method> <!-- DeleteToDo -->
      </class> <!-- tests.CrudExamples -->
    </test> <!-- Default test -->
  </suite> <!-- Default suite -->
</testng-results>
